c:\users\bepa2\desktop\astronomy simulator v3\astronomy simulator 3\engine\debug\dxerr.obj
c:\users\bepa2\desktop\astronomy simulator v3\astronomy simulator 3\engine\debug\celestialbody.obj
c:\users\bepa2\desktop\astronomy simulator v3\astronomy simulator 3\engine\debug\keyboard.obj
c:\users\bepa2\desktop\astronomy simulator v3\astronomy simulator 3\engine\debug\main.obj
c:\users\bepa2\desktop\astronomy simulator v3\astronomy simulator 3\engine\debug\mainwindow.obj
c:\users\bepa2\desktop\astronomy simulator v3\astronomy simulator 3\engine\debug\game.obj
c:\users\bepa2\desktop\astronomy simulator v3\astronomy simulator 3\engine\debug\graphics.obj
c:\users\bepa2\desktop\astronomy simulator v3\astronomy simulator 3\engine\debug\mouse.obj
c:\users\bepa2\desktop\astronomy simulator v3\astronomy simulator 3\engine\debug\vec2d.obj
c:\users\bepa2\desktop\astronomy simulator v3\astronomy simulator 3\engine\debug\vc141.pdb
c:\users\bepa2\desktop\astronomy simulator v3\astronomy simulator 3\engine\framebufferps.shh
c:\users\bepa2\desktop\astronomy simulator v3\astronomy simulator 3\engine\framebuffervs.shh
c:\users\bepa2\desktop\astronomy simulator v3\astronomy simulator 3\debug\engine.ilk
c:\users\bepa2\desktop\astronomy simulator v3\astronomy simulator 3\debug\engine.exe
c:\users\bepa2\desktop\astronomy simulator v3\astronomy simulator 3\debug\engine.pdb
c:\users\bepa2\desktop\astronomy simulator v3\astronomy simulator 3\engine\debug\resource.res
c:\users\bepa2\desktop\astronomy simulator v3\astronomy simulator 3\engine\debug\vc141.idb
c:\users\bepa2\desktop\astronomy simulator v3\astronomy simulator 3\engine\debug\engine.tlog\cl.11340.write.1.tlog
c:\users\bepa2\desktop\astronomy simulator v3\astronomy simulator 3\engine\debug\engine.tlog\cl.command.1.tlog
c:\users\bepa2\desktop\astronomy simulator v3\astronomy simulator 3\engine\debug\engine.tlog\cl.read.1.tlog
c:\users\bepa2\desktop\astronomy simulator v3\astronomy simulator 3\engine\debug\engine.tlog\fxc.command.1.tlog
c:\users\bepa2\desktop\astronomy simulator v3\astronomy simulator 3\engine\debug\engine.tlog\fxc.read.1.tlog
c:\users\bepa2\desktop\astronomy simulator v3\astronomy simulator 3\engine\debug\engine.tlog\fxc.write.1.tlog
c:\users\bepa2\desktop\astronomy simulator v3\astronomy simulator 3\engine\debug\engine.tlog\link.command.1.tlog
c:\users\bepa2\desktop\astronomy simulator v3\astronomy simulator 3\engine\debug\engine.tlog\link.read.1.tlog
c:\users\bepa2\desktop\astronomy simulator v3\astronomy simulator 3\engine\debug\engine.tlog\link.write.1.tlog
c:\users\bepa2\desktop\astronomy simulator v3\astronomy simulator 3\engine\debug\engine.tlog\rc.command.1.tlog
c:\users\bepa2\desktop\astronomy simulator v3\astronomy simulator 3\engine\debug\engine.tlog\rc.read.1.tlog
c:\users\bepa2\desktop\astronomy simulator v3\astronomy simulator 3\engine\debug\engine.tlog\rc.write.1.tlog
